0 info it worked if it ends with ok
1 verbose cli [ '/usr/bin/node', '/usr/bin/npm', 'run', 'documentation-db' ]
2 info using npm@1.4.28
3 info using node@v0.10.37
4 verbose node symlink /usr/bin/node
5 verbose run-script [ 'predocumentation-db',
5 verbose run-script   'documentation-db',
5 verbose run-script   'postdocumentation-db' ]
6 info predocumentation-db WYSIRWYG@0.0.0
7 info documentation-db WYSIRWYG@0.0.0
8 verbose unsafe-perm in lifecycle true
9 info WYSIRWYG@0.0.0 Failed to exec documentation-db script
10 error WYSIRWYG@0.0.0 documentation-db: `psql wysirwyg < ./tmp/documentation/initial-data.sql`
10 error Exit status 2
11 error Failed at the WYSIRWYG@0.0.0 documentation-db script.
11 error This is most likely a problem with the WYSIRWYG package,
11 error not with npm itself.
11 error Tell the author that this fails on your system:
11 error     psql wysirwyg < ./tmp/documentation/initial-data.sql
11 error You can get their info via:
11 error     npm owner ls WYSIRWYG
11 error There is likely additional logging output above.
12 error System Linux 3.16.0-43-generic
13 error command "/usr/bin/node" "/usr/bin/npm" "run" "documentation-db"
14 error cwd /home/moises/Documents/Projects/WYSIRWYG
15 error node -v v0.10.37
16 error npm -v 1.4.28
17 error code ELIFECYCLE
18 verbose exit [ 1, true ]
