0 info it worked if it ends with ok
1 verbose cli [ 'C:\\Program Files (x86)\\nodejs\\\\node.exe',
1 verbose cli   'C:\\Program Files (x86)\\nodejs\\node_modules\\npm\\bin\\npm-cli.js',
1 verbose cli   'install' ]
2 info using npm@1.3.14
3 info using node@v0.10.22
4 verbose node symlink C:\Program Files (x86)\nodejs\\node.exe
5 verbose readDependencies using package.json deps
6 verbose install where, deps [ 'C:\\Program Files (x86)\\EasyPHP-DevServer-13.1VC11\\data\\localweb\\WYSIRWYG',
6 verbose install   [ 'ObjDiff', 'Events', 'ObserverCore' ] ]
7 info preinstall WYSIRWYG@0.0.1
8 verbose readDependencies using package.json deps
9 verbose cache add [ 'ObjDiff@mowses/ObjDiff', null ]
10 verbose cache add name=undefined spec="ObjDiff@mowses/ObjDiff" args=["ObjDiff@mowses/ObjDiff",null]
11 verbose parsed url { protocol: null,
11 verbose parsed url   slashes: null,
11 verbose parsed url   auth: null,
11 verbose parsed url   host: null,
11 verbose parsed url   port: null,
11 verbose parsed url   hostname: null,
11 verbose parsed url   hash: null,
11 verbose parsed url   search: null,
11 verbose parsed url   query: null,
11 verbose parsed url   pathname: 'ObjDiff@mowses/ObjDiff',
11 verbose parsed url   path: 'ObjDiff@mowses/ObjDiff',
11 verbose parsed url   href: 'ObjDiff@mowses/ObjDiff' }
12 verbose cache add name="ObjDiff" spec="mowses/ObjDiff" args=["ObjDiff","mowses/ObjDiff"]
13 verbose parsed url { protocol: null,
13 verbose parsed url   slashes: null,
13 verbose parsed url   auth: null,
13 verbose parsed url   host: null,
13 verbose parsed url   port: null,
13 verbose parsed url   hostname: null,
13 verbose parsed url   hash: null,
13 verbose parsed url   search: null,
13 verbose parsed url   query: null,
13 verbose parsed url   pathname: 'mowses/ObjDiff',
13 verbose parsed url   path: 'mowses/ObjDiff',
13 verbose parsed url   href: 'mowses/ObjDiff' }
14 verbose addNamed [ 'ObjDiff', 'mowses/ObjDiff' ]
15 verbose addNamed [ null, null ]
16 verbose cache add [ 'Events@mowses/Events', null ]
17 verbose cache add name=undefined spec="Events@mowses/Events" args=["Events@mowses/Events",null]
18 verbose parsed url { protocol: null,
18 verbose parsed url   slashes: null,
18 verbose parsed url   auth: null,
18 verbose parsed url   host: null,
18 verbose parsed url   port: null,
18 verbose parsed url   hostname: null,
18 verbose parsed url   hash: null,
18 verbose parsed url   search: null,
18 verbose parsed url   query: null,
18 verbose parsed url   pathname: 'Events@mowses/Events',
18 verbose parsed url   path: 'Events@mowses/Events',
18 verbose parsed url   href: 'Events@mowses/Events' }
19 verbose cache add name="Events" spec="mowses/Events" args=["Events","mowses/Events"]
20 verbose parsed url { protocol: null,
20 verbose parsed url   slashes: null,
20 verbose parsed url   auth: null,
20 verbose parsed url   host: null,
20 verbose parsed url   port: null,
20 verbose parsed url   hostname: null,
20 verbose parsed url   hash: null,
20 verbose parsed url   search: null,
20 verbose parsed url   query: null,
20 verbose parsed url   pathname: 'mowses/Events',
20 verbose parsed url   path: 'mowses/Events',
20 verbose parsed url   href: 'mowses/Events' }
21 verbose addNamed [ 'Events', 'mowses/Events' ]
22 verbose addNamed [ null, null ]
23 verbose cache add [ 'ObserverCore@mowses/ObserverCore', null ]
24 verbose cache add name=undefined spec="ObserverCore@mowses/ObserverCore" args=["ObserverCore@mowses/ObserverCore",null]
25 verbose parsed url { protocol: null,
25 verbose parsed url   slashes: null,
25 verbose parsed url   auth: null,
25 verbose parsed url   host: null,
25 verbose parsed url   port: null,
25 verbose parsed url   hostname: null,
25 verbose parsed url   hash: null,
25 verbose parsed url   search: null,
25 verbose parsed url   query: null,
25 verbose parsed url   pathname: 'ObserverCore@mowses/ObserverCore',
25 verbose parsed url   path: 'ObserverCore@mowses/ObserverCore',
25 verbose parsed url   href: 'ObserverCore@mowses/ObserverCore' }
26 verbose cache add name="ObserverCore" spec="mowses/ObserverCore" args=["ObserverCore","mowses/ObserverCore"]
27 verbose parsed url { protocol: null,
27 verbose parsed url   slashes: null,
27 verbose parsed url   auth: null,
27 verbose parsed url   host: null,
27 verbose parsed url   port: null,
27 verbose parsed url   hostname: null,
27 verbose parsed url   hash: null,
27 verbose parsed url   search: null,
27 verbose parsed url   query: null,
27 verbose parsed url   pathname: 'mowses/ObserverCore',
27 verbose parsed url   path: 'mowses/ObserverCore',
27 verbose parsed url   href: 'mowses/ObserverCore' }
28 verbose addNamed [ 'ObserverCore', 'mowses/ObserverCore' ]
29 verbose addNamed [ null, null ]
30 silly lockFile eb972fcc-ObjDiff-mowses-ObjDiff ObjDiff@mowses/ObjDiff
31 verbose lock ObjDiff@mowses/ObjDiff C:\Users\moises\AppData\Roaming\npm-cache\eb972fcc-ObjDiff-mowses-ObjDiff.lock
32 silly lockFile 5d055718-Events-mowses-Events Events@mowses/Events
33 verbose lock Events@mowses/Events C:\Users\moises\AppData\Roaming\npm-cache\5d055718-Events-mowses-Events.lock
34 silly lockFile 9e4d15b0-ObserverCore-mowses-ObserverCore ObserverCore@mowses/ObserverCore
35 verbose lock ObserverCore@mowses/ObserverCore C:\Users\moises\AppData\Roaming\npm-cache\9e4d15b0-ObserverCore-mowses-ObserverCore.lock
36 info addNameTag [ 'ObjDiff', 'mowses/ObjDiff' ]
37 info addNameTag [ 'Events', 'mowses/Events' ]
38 info addNameTag [ 'ObserverCore', 'mowses/ObserverCore' ]
39 verbose url raw ObjDiff
40 verbose url resolving [ 'https://registry.npmjs.org/', './ObjDiff' ]
41 verbose url resolved https://registry.npmjs.org/ObjDiff
42 info trying registry request attempt 1 at 19:46:16
43 http GET https://registry.npmjs.org/ObjDiff
44 verbose url raw Events
45 verbose url resolving [ 'https://registry.npmjs.org/', './Events' ]
46 verbose url resolved https://registry.npmjs.org/Events
47 info trying registry request attempt 1 at 19:46:17
48 http GET https://registry.npmjs.org/Events
49 verbose url raw ObserverCore
50 verbose url resolving [ 'https://registry.npmjs.org/', './ObserverCore' ]
51 verbose url resolved https://registry.npmjs.org/ObserverCore
52 info trying registry request attempt 1 at 19:46:17
53 http GET https://registry.npmjs.org/ObserverCore
54 http 404 https://registry.npmjs.org/ObserverCore
55 silly registry.get cb [ 404,
55 silly registry.get   { date: 'Sat, 28 Feb 2015 22:46:18 GMT',
55 silly registry.get     server: 'CouchDB/1.5.0 (Erlang OTP/R16B03)',
55 silly registry.get     'content-type': 'application/json',
55 silly registry.get     'cache-control': 'max-age=0',
55 silly registry.get     'content-length': '52',
55 silly registry.get     'accept-ranges': 'bytes',
55 silly registry.get     via: '1.1 varnish',
55 silly registry.get     age: '0',
55 silly registry.get     'x-served-by': 'cache-iad2122-IAD',
55 silly registry.get     'x-cache': 'MISS',
55 silly registry.get     'x-cache-hits': '0',
55 silly registry.get     'x-timer': 'S1425163578.909911,VS0,VE50',
55 silly registry.get     'keep-alive': 'timeout=10, max=50',
55 silly registry.get     connection: 'Keep-Alive' } ]
56 info maybeGithub Attempting mowses/ObserverCore from git://github.com/mowses/ObserverCore
57 silly lockFile d719813b-t-github-com-mowses-ObserverCore git://github.com/mowses/ObserverCore
58 verbose lock git://github.com/mowses/ObserverCore C:\Users\moises\AppData\Roaming\npm-cache\d719813b-t-github-com-mowses-ObserverCore.lock
59 verbose addRemoteGit [ 'git://github.com/mowses/ObserverCore', 'master' ]
60 http 404 https://registry.npmjs.org/Events
61 silly registry.get cb [ 404,
61 silly registry.get   { date: 'Sat, 28 Feb 2015 22:46:19 GMT',
61 silly registry.get     server: 'CouchDB/1.5.0 (Erlang OTP/R16B03)',
61 silly registry.get     'content-type': 'application/json',
61 silly registry.get     'cache-control': 'max-age=0',
61 silly registry.get     'content-length': '52',
61 silly registry.get     'accept-ranges': 'bytes',
61 silly registry.get     via: '1.1 varnish',
61 silly registry.get     age: '0',
61 silly registry.get     'x-served-by': 'cache-iad2137-IAD',
61 silly registry.get     'x-cache': 'MISS',
61 silly registry.get     'x-cache-hits': '0',
61 silly registry.get     'x-timer': 'S1425163578.867223,VS0,VE352',
61 silly registry.get     'keep-alive': 'timeout=10, max=50',
61 silly registry.get     connection: 'Keep-Alive' } ]
62 info maybeGithub Attempting mowses/Events from git://github.com/mowses/Events
63 silly lockFile 6e87da21-git-github-com-mowses-Events git://github.com/mowses/Events
64 verbose lock git://github.com/mowses/Events C:\Users\moises\AppData\Roaming\npm-cache\6e87da21-git-github-com-mowses-Events.lock
65 http 404 https://registry.npmjs.org/ObjDiff
66 silly registry.get cb [ 404,
66 silly registry.get   { date: 'Sat, 28 Feb 2015 22:46:19 GMT',
66 silly registry.get     server: 'CouchDB/1.5.0 (Erlang OTP/R16B03)',
66 silly registry.get     'content-type': 'application/json',
66 silly registry.get     'cache-control': 'max-age=0',
66 silly registry.get     'content-length': '52',
66 silly registry.get     'accept-ranges': 'bytes',
66 silly registry.get     via: '1.1 varnish',
66 silly registry.get     age: '0',
66 silly registry.get     'x-served-by': 'cache-iad2128-IAD',
66 silly registry.get     'x-cache': 'MISS',
66 silly registry.get     'x-cache-hits': '0',
66 silly registry.get     'x-timer': 'S1425163578.907086,VS0,VE351',
66 silly registry.get     'keep-alive': 'timeout=10, max=50',
66 silly registry.get     connection: 'Keep-Alive' } ]
67 info maybeGithub Attempting mowses/ObjDiff from git://github.com/mowses/ObjDiff
68 silly lockFile 12c475d9-git-github-com-mowses-ObjDiff git://github.com/mowses/ObjDiff
69 verbose lock git://github.com/mowses/ObjDiff C:\Users\moises\AppData\Roaming\npm-cache\12c475d9-git-github-com-mowses-ObjDiff.lock
70 verbose addRemoteGit [ 'git://github.com/mowses/ObjDiff', 'master' ]
71 verbose addRemoteGit [ 'git://github.com/mowses/Events', 'master' ]
72 verbose git clone git://github.com/mowses/ObserverCore Cloning into bare repository 'C:\Users\moises\AppData\Roaming\npm-cache\_git-remotes\git-github-com-mowses-ObserverCore-d719813b'...
73 verbose git clone git://github.com/mowses/ObjDiff Cloning into bare repository 'C:\Users\moises\AppData\Roaming\npm-cache\_git-remotes\git-github-com-mowses-ObjDiff-12c475d9'...
74 verbose git clone git://github.com/mowses/Events Cloning into bare repository 'C:\Users\moises\AppData\Roaming\npm-cache\_git-remotes\git-github-com-mowses-Events-6e87da21'...
75 verbose git fetch -a origin (git://github.com/mowses/ObjDiff)
76 verbose git fetch -a origin (git://github.com/mowses/ObserverCore)
77 verbose git fetch -a origin (git://github.com/mowses/Events)
78 verbose git rev-list -n1 master 49020c1eaee7e7f42f46583d456b815ca2d15cdc
79 verbose resolved git url git://github.com/mowses/ObjDiff#49020c1eaee7e7f42f46583d456b815ca2d15cdc
80 verbose git rev-list -n1 master 696c8b5e5c3656b7f759712b6af61b5e4943a9ad
81 verbose resolved git url git://github.com/mowses/ObserverCore#696c8b5e5c3656b7f759712b6af61b5e4943a9ad
82 verbose git rev-list -n1 master 71347e0ae27d89bb4d622ac4aa49b43e72e42213
83 verbose resolved git url git://github.com/mowses/Events#71347e0ae27d89bb4d622ac4aa49b43e72e42213
84 verbose tar unpack C:\Users\moises\AppData\Local\Temp\npm-132-ikQ3tCBC\1425163582401-0.8999014885630459\tmp.tgz
85 silly lockFile 7a19cc65-82401-0-8999014885630459-package tar://C:\Users\moises\AppData\Local\Temp\npm-132-ikQ3tCBC\1425163582401-0.8999014885630459\package
86 verbose lock tar://C:\Users\moises\AppData\Local\Temp\npm-132-ikQ3tCBC\1425163582401-0.8999014885630459\package C:\Users\moises\AppData\Roaming\npm-cache\7a19cc65-82401-0-8999014885630459-package.lock
87 silly lockFile 07aaf846-82401-0-8999014885630459-tmp-tgz tar://C:\Users\moises\AppData\Local\Temp\npm-132-ikQ3tCBC\1425163582401-0.8999014885630459\tmp.tgz
88 verbose lock tar://C:\Users\moises\AppData\Local\Temp\npm-132-ikQ3tCBC\1425163582401-0.8999014885630459\tmp.tgz C:\Users\moises\AppData\Roaming\npm-cache\07aaf846-82401-0-8999014885630459-tmp-tgz.lock
89 silly gunzTarPerm modes [ '755', '644' ]
90 verbose tar unpack C:\Users\moises\AppData\Local\Temp\npm-132-ikQ3tCBC\1425163582432-0.5403449789155275\tmp.tgz
91 silly lockFile de52e70d-82432-0-5403449789155275-package tar://C:\Users\moises\AppData\Local\Temp\npm-132-ikQ3tCBC\1425163582432-0.5403449789155275\package
92 verbose lock tar://C:\Users\moises\AppData\Local\Temp\npm-132-ikQ3tCBC\1425163582432-0.5403449789155275\package C:\Users\moises\AppData\Roaming\npm-cache\de52e70d-82432-0-5403449789155275-package.lock
93 silly lockFile e3dc5e58-82432-0-5403449789155275-tmp-tgz tar://C:\Users\moises\AppData\Local\Temp\npm-132-ikQ3tCBC\1425163582432-0.5403449789155275\tmp.tgz
94 verbose lock tar://C:\Users\moises\AppData\Local\Temp\npm-132-ikQ3tCBC\1425163582432-0.5403449789155275\tmp.tgz C:\Users\moises\AppData\Roaming\npm-cache\e3dc5e58-82432-0-5403449789155275-tmp-tgz.lock
95 silly gunzTarPerm extractEntry
96 silly gunzTarPerm modified mode [ '', 509, 493 ]
97 silly gunzTarPerm extractEntry .gitattributes
98 silly gunzTarPerm modified mode [ '.gitattributes', 436, 420 ]
99 silly gunzTarPerm extractEntry .gitignore
100 silly gunzTarPerm modified mode [ '.gitignore', 436, 420 ]
101 silly gunzTarPerm extractEntry ObjDiff.js
102 silly gunzTarPerm modified mode [ 'ObjDiff.js', 436, 420 ]
103 silly gunzTarPerm modes [ '755', '644' ]
104 silly gunzTarPerm extractEntry
105 silly gunzTarPerm modified mode [ '', 509, 493 ]
106 silly gunzTarPerm extractEntry ObserverCore.js
107 silly gunzTarPerm modified mode [ 'ObserverCore.js', 436, 420 ]
108 verbose tar unpack C:\Users\moises\AppData\Local\Temp\npm-132-ikQ3tCBC\1425163582463-0.5550387331750244\tmp.tgz
109 silly lockFile 60086c6a-82463-0-5550387331750244-package tar://C:\Users\moises\AppData\Local\Temp\npm-132-ikQ3tCBC\1425163582463-0.5550387331750244\package
110 verbose lock tar://C:\Users\moises\AppData\Local\Temp\npm-132-ikQ3tCBC\1425163582463-0.5550387331750244\package C:\Users\moises\AppData\Roaming\npm-cache\60086c6a-82463-0-5550387331750244-package.lock
111 silly lockFile 8c524749-82463-0-5550387331750244-tmp-tgz tar://C:\Users\moises\AppData\Local\Temp\npm-132-ikQ3tCBC\1425163582463-0.5550387331750244\tmp.tgz
112 verbose lock tar://C:\Users\moises\AppData\Local\Temp\npm-132-ikQ3tCBC\1425163582463-0.5550387331750244\tmp.tgz C:\Users\moises\AppData\Roaming\npm-cache\8c524749-82463-0-5550387331750244-tmp-tgz.lock
113 silly gunzTarPerm modes [ '755', '644' ]
114 silly gunzTarPerm extractEntry
115 silly gunzTarPerm modified mode [ '', 509, 493 ]
116 silly gunzTarPerm extractEntry .gitattributes
117 silly gunzTarPerm modified mode [ '.gitattributes', 436, 420 ]
118 silly gunzTarPerm extractEntry .gitignore
119 silly gunzTarPerm modified mode [ '.gitignore', 436, 420 ]
120 silly gunzTarPerm extractEntry Events.js
121 silly gunzTarPerm modified mode [ 'Events.js', 436, 420 ]
122 silly lockFile 7a19cc65-82401-0-8999014885630459-package tar://C:\Users\moises\AppData\Local\Temp\npm-132-ikQ3tCBC\1425163582401-0.8999014885630459\package
123 silly lockFile 7a19cc65-82401-0-8999014885630459-package tar://C:\Users\moises\AppData\Local\Temp\npm-132-ikQ3tCBC\1425163582401-0.8999014885630459\package
124 silly lockFile 07aaf846-82401-0-8999014885630459-tmp-tgz tar://C:\Users\moises\AppData\Local\Temp\npm-132-ikQ3tCBC\1425163582401-0.8999014885630459\tmp.tgz
125 silly lockFile 07aaf846-82401-0-8999014885630459-tmp-tgz tar://C:\Users\moises\AppData\Local\Temp\npm-132-ikQ3tCBC\1425163582401-0.8999014885630459\tmp.tgz
126 silly gunzTarPerm extractEntry README.md
127 silly gunzTarPerm modified mode [ 'README.md', 436, 420 ]
128 silly lockFile de52e70d-82432-0-5403449789155275-package tar://C:\Users\moises\AppData\Local\Temp\npm-132-ikQ3tCBC\1425163582432-0.5403449789155275\package
129 silly lockFile de52e70d-82432-0-5403449789155275-package tar://C:\Users\moises\AppData\Local\Temp\npm-132-ikQ3tCBC\1425163582432-0.5403449789155275\package
130 silly lockFile e3dc5e58-82432-0-5403449789155275-tmp-tgz tar://C:\Users\moises\AppData\Local\Temp\npm-132-ikQ3tCBC\1425163582432-0.5403449789155275\tmp.tgz
131 silly lockFile e3dc5e58-82432-0-5403449789155275-tmp-tgz tar://C:\Users\moises\AppData\Local\Temp\npm-132-ikQ3tCBC\1425163582432-0.5403449789155275\tmp.tgz
132 silly lockFile 12c475d9-git-github-com-mowses-ObjDiff git://github.com/mowses/ObjDiff
133 silly lockFile 12c475d9-git-github-com-mowses-ObjDiff git://github.com/mowses/ObjDiff
134 info maybeGithub Attempting mowses/ObjDiff from git+ssh://git@github.com:mowses/ObjDiff
135 silly lockFile 22950a5c-sh-git-github-com-mowses-ObjDiff git+ssh://git@github.com:mowses/ObjDiff
136 verbose lock git+ssh://git@github.com:mowses/ObjDiff C:\Users\moises\AppData\Roaming\npm-cache\22950a5c-sh-git-github-com-mowses-ObjDiff.lock
137 verbose addRemoteGit [ 'git@github.com:mowses/ObjDiff', 'master' ]
138 silly lockFile d719813b-t-github-com-mowses-ObserverCore git://github.com/mowses/ObserverCore
139 silly lockFile d719813b-t-github-com-mowses-ObserverCore git://github.com/mowses/ObserverCore
140 info maybeGithub Attempting mowses/ObserverCore from git+ssh://git@github.com:mowses/ObserverCore
141 silly lockFile 625629fd-t-github-com-mowses-ObserverCore git+ssh://git@github.com:mowses/ObserverCore
142 verbose lock git+ssh://git@github.com:mowses/ObserverCore C:\Users\moises\AppData\Roaming\npm-cache\625629fd-t-github-com-mowses-ObserverCore.lock
143 verbose addRemoteGit [ 'git@github.com:mowses/ObserverCore', 'master' ]
144 silly lockFile 60086c6a-82463-0-5550387331750244-package tar://C:\Users\moises\AppData\Local\Temp\npm-132-ikQ3tCBC\1425163582463-0.5550387331750244\package
145 silly lockFile 60086c6a-82463-0-5550387331750244-package tar://C:\Users\moises\AppData\Local\Temp\npm-132-ikQ3tCBC\1425163582463-0.5550387331750244\package
146 silly lockFile 8c524749-82463-0-5550387331750244-tmp-tgz tar://C:\Users\moises\AppData\Local\Temp\npm-132-ikQ3tCBC\1425163582463-0.5550387331750244\tmp.tgz
147 silly lockFile 8c524749-82463-0-5550387331750244-tmp-tgz tar://C:\Users\moises\AppData\Local\Temp\npm-132-ikQ3tCBC\1425163582463-0.5550387331750244\tmp.tgz
148 silly lockFile 6e87da21-git-github-com-mowses-Events git://github.com/mowses/Events
149 silly lockFile 6e87da21-git-github-com-mowses-Events git://github.com/mowses/Events
150 info maybeGithub Attempting mowses/Events from git+ssh://git@github.com:mowses/Events
151 silly lockFile c22e4cea-ssh-git-github-com-mowses-Events git+ssh://git@github.com:mowses/Events
152 verbose lock git+ssh://git@github.com:mowses/Events C:\Users\moises\AppData\Roaming\npm-cache\c22e4cea-ssh-git-github-com-mowses-Events.lock
153 verbose addRemoteGit [ 'git@github.com:mowses/Events', 'master' ]
154 verbose git clone git@github.com:mowses/Events Cloning into bare repository 'C:\Users\moises\AppData\Roaming\npm-cache\_git-remotes\git-github-com-mowses-Events-3794462d'...
154 verbose git clone git@github.com:mowses/Events Host key verification failed.
154 verbose git clone git@github.com:mowses/Events fatal: Could not read from remote repository.
154 verbose git clone git@github.com:mowses/Events
154 verbose git clone git@github.com:mowses/Events Please make sure you have the correct access rights
154 verbose git clone git@github.com:mowses/Events and the repository exists.
155 silly lockFile 3794462d-git-github-com-mowses-Events git@github.com:mowses/Events
156 silly lockFile 5d055718-Events-mowses-Events Events@mowses/Events
157 silly lockFile 5d055718-Events-mowses-Events Events@mowses/Events
158 error 404 'Events' is not in the npm registry.
158 error 404 You should bug the author to publish it
158 error 404
158 error 404 Note that you can also install from a
158 error 404 tarball, folder, or http url, or git url.
159 error System Windows_NT 6.2.9200
160 error command "C:\\Program Files (x86)\\nodejs\\\\node.exe" "C:\\Program Files (x86)\\nodejs\\node_modules\\npm\\bin\\npm-cli.js" "install"
161 error cwd C:\Program Files (x86)\EasyPHP-DevServer-13.1VC11\data\localweb\WYSIRWYG\assets\js\libraries
162 error node -v v0.10.22
163 error npm -v 1.3.14
164 error code E404
165 verbose exit [ 1, true ]
